<?xml version="1.0" encoding="UTF-8"?>
<!-- Generated by org.testng.reporters.JUnitReportReporter -->
<testsuite hostname="INBANLSUPT053" failures="0" tests="1" name="scripts.Takecourse" time="51.635" errors="0" timestamp="2021-05-23T13:36:05 IST" skipped="0">
  <testcase classname="scripts.Takecourse" name="takethiscouse" time="51.635"/>
  <system-out/>
</testsuite> <!-- scripts.Takecourse -->
